2025-04-08 18:51:52.658954 - Received CBT.V508.FILE1041.PDS from FILE1041.XMI 
2025-04-08 18:51:52.661953 - Found $$$#DATE.txt (text/plain) in CBT.V508.FILE1041.PDS, moved to PDS/$$$#DATE
2025-04-08 18:51:52.662661 - Found $README.txt (text/plain) in CBT.V508.FILE1041.PDS, moved to PDS/$README
2025-04-08 18:51:52.663308 - Found @FIL1041.txt (text/plain) in CBT.V508.FILE1041.PDS, moved to PDS/@FIL1041
2025-04-08 18:51:52.676334 - Found ANN.txt (text/plain) in CBT.V508.FILE1041.PDS, moved to PDS/ANN
2025-04-08 18:51:52.677308 - Found B2H.rexx (text/plain) in CBT.V508.FILE1041.PDS, moved to PDS/B2H
2025-04-08 18:51:52.678065 - Found B2HAPP.txt (text/plain) in CBT.V508.FILE1041.PDS, moved to PDS/B2HAPP
2025-04-08 18:51:52.678731 - Found B2HEXA.bin (application/octet-stream) in CBT.V508.FILE1041.PDS, moved to PDS/B2HEXA
2025-04-08 18:51:52.679352 - Found B2HINF.txt (text/plain) in CBT.V508.FILE1041.PDS, moved to PDS/B2HINF
2025-04-08 18:51:52.680022 - Found B2HMSG.txt (text/plain) in CBT.V508.FILE1041.PDS, moved to PDS/B2HMSG
2025-04-08 18:51:52.680626 - Found B2HNAME.bin (application/octet-stream) in CBT.V508.FILE1041.PDS, moved to PDS/B2HNAME
2025-04-08 18:51:52.682080 - Found B2HPDF.pdf (application/pdf) in CBT.V508.FILE1041.PDS, moved to docs/B2HPDF.pdf
2025-04-08 18:51:52.683206 - Found B2HR2.html (text/html) in CBT.V508.FILE1041.PDS, moved to PDS/B2HR2
2025-04-08 18:51:52.683857 - Found B2HSETUP.html (text/html) in CBT.V508.FILE1041.PDS, moved to PDS/B2HSETUP
2025-04-08 18:51:52.684642 - Found B2HSYS.txt (text/plain) in CBT.V508.FILE1041.PDS, moved to PDS/B2HSYS
2025-04-08 18:51:52.685385 - Found B2HUSE.txt (text/plain) in CBT.V508.FILE1041.PDS, moved to PDS/B2HUSE
2025-04-08 18:51:52.686566 - Found HCDDOC.pdf (application/pdf) in CBT.V508.FILE1041.PDS, moved to docs/HCDDOC.pdf
2025-04-08 18:51:52.687702 - Found HTM.html (text/html) in CBT.V508.FILE1041.PDS, moved to PDS/HTM
2025-04-08 18:51:52.688393 - Found LINKGIF.gif (image/gif) in CBT.V508.FILE1041.PDS, moved to PDS/LINKGIF
2025-04-08 18:51:52.689061 - Found NEW.txt (text/plain) in CBT.V508.FILE1041.PDS, moved to PDS/NEW
2025-04-08 18:51:52.689635 - Found PKG.txt (text/plain) in CBT.V508.FILE1041.PDS, moved to PDS/PKG
2025-04-08 18:51:52.690296 - Found PRO.html (text/html) in CBT.V508.FILE1041.PDS, moved to PDS/PRO
2025-04-08 18:51:52.690921 - Found SCT.html (text/html) in CBT.V508.FILE1041.PDS, moved to PDS/SCT
2025-04-08 18:51:52.691570 - Found SYM.txt (text/plain) in CBT.V508.FILE1041.PDS, moved to PDS/SYM
